Determining if the pthread_create exist failed with the following output:
Change Dir: /opt/qiwang30/muduo/muduo/cmake-build-release/CMakeFiles/CMakeTmp

Run Build Command(s):/usr/bin/gmake cmTC_df9ce/fast 
/usr/bin/gmake -f CMakeFiles/cmTC_df9ce.dir/build.make CMakeFiles/cmTC_df9ce.dir/build
gmake[1]: Entering directory `/opt/qiwang30/muduo/muduo/cmake-build-release/CMakeFiles/CMakeTmp'
Building C object CMakeFiles/cmTC_df9ce.dir/CheckSymbolExists.c.o
/usr/bin/cc    -o CMakeFiles/cmTC_df9ce.dir/CheckSymbolExists.c.o   -c /opt/qiwang30/muduo/muduo/cmake-build-release/CMakeFiles/CMakeTmp/CheckSymbolExists.c
Linking C executable cmTC_df9ce
/usr/local/bin/cmake -E cmake_link_script CMakeFiles/cmTC_df9ce.dir/link.txt --verbose=1
/usr/bin/cc      -rdynamic CMakeFiles/cmTC_df9ce.dir/CheckSymbolExists.c.o  -o cmTC_df9ce 
CMakeFiles/cmTC_df9ce.dir/CheckSymbolExists.c.o: In function `main':
CheckSymbolExists.c:(.text+0x16): undefined reference to `pthread_create'
collect2: error: ld returned 1 exit status
gmake[1]: *** [cmTC_df9ce] Error 1
gmake[1]: Leaving directory `/opt/qiwang30/muduo/muduo/cmake-build-release/CMakeFiles/CMakeTmp'
gmake: *** [cmTC_df9ce/fast] Error 2

File /opt/qiwang30/muduo/muduo/cmake-build-release/CMakeFiles/CMakeTmp/CheckSymbolExists.c:
/* */
#include <pthread.h>

int main(int argc, char** argv)
{
  (void)argv;
#ifndef pthread_create
  return ((int*)(&pthread_create))[argc];
#else
  (void)argc;
  return 0;
#endif
}

Determining if the function pthread_create exists in the pthreads failed with the following output:
Change Dir: /opt/qiwang30/muduo/muduo/cmake-build-release/CMakeFiles/CMakeTmp

Run Build Command(s):/usr/bin/gmake cmTC_86d11/fast 
/usr/bin/gmake -f CMakeFiles/cmTC_86d11.dir/build.make CMakeFiles/cmTC_86d11.dir/build
gmake[1]: Entering directory `/opt/qiwang30/muduo/muduo/cmake-build-release/CMakeFiles/CMakeTmp'
Building C object CMakeFiles/cmTC_86d11.dir/CheckFunctionExists.c.o
/usr/bin/cc   -DCHECK_FUNCTION_EXISTS=pthread_create   -o CMakeFiles/cmTC_86d11.dir/CheckFunctionExists.c.o   -c /usr/local/share/cmake-3.14/Modules/CheckFunctionExists.c
Linking C executable cmTC_86d11
/usr/local/bin/cmake -E cmake_link_script CMakeFiles/cmTC_86d11.dir/link.txt --verbose=1
/usr/bin/cc  -DCHECK_FUNCTION_EXISTS=pthread_create    -rdynamic CMakeFiles/cmTC_86d11.dir/CheckFunctionExists.c.o  -o cmTC_86d11 -lpthreads 
/usr/bin/ld: cannot find -lpthreads
collect2: error: ld returned 1 exit status
gmake[1]: *** [cmTC_86d11] Error 1
gmake[1]: Leaving directory `/opt/qiwang30/muduo/muduo/cmake-build-release/CMakeFiles/CMakeTmp'
gmake: *** [cmTC_86d11/fast] Error 2


