Determining if the pthread_create exist failed with the following output:
Change Dir: /opt/qiwang30/muduo/muduo/cmake-build-debug-remotedbg/CMakeFiles/CMakeTmp

Run Build Command(s):/usr/bin/gmake cmTC_9c2b8/fast 
/usr/bin/gmake -f CMakeFiles/cmTC_9c2b8.dir/build.make CMakeFiles/cmTC_9c2b8.dir/build
gmake[1]: Entering directory `/opt/qiwang30/muduo/muduo/cmake-build-debug-remotedbg/CMakeFiles/CMakeTmp'
Building C object CMakeFiles/cmTC_9c2b8.dir/CheckSymbolExists.c.o
/usr/bin/cc    -o CMakeFiles/cmTC_9c2b8.dir/CheckSymbolExists.c.o   -c /opt/qiwang30/muduo/muduo/cmake-build-debug-remotedbg/CMakeFiles/CMakeTmp/CheckSymbolExists.c
Linking C executable cmTC_9c2b8
/usr/local/bin/cmake -E cmake_link_script CMakeFiles/cmTC_9c2b8.dir/link.txt --verbose=1
/usr/bin/cc      -rdynamic CMakeFiles/cmTC_9c2b8.dir/CheckSymbolExists.c.o  -o cmTC_9c2b8 
CMakeFiles/cmTC_9c2b8.dir/CheckSymbolExists.c.o: In function `main':
CheckSymbolExists.c:(.text+0x16): undefined reference to `pthread_create'
collect2: error: ld returned 1 exit status
gmake[1]: *** [cmTC_9c2b8] Error 1
gmake[1]: Leaving directory `/opt/qiwang30/muduo/muduo/cmake-build-debug-remotedbg/CMakeFiles/CMakeTmp'
gmake: *** [cmTC_9c2b8/fast] Error 2

File /opt/qiwang30/muduo/muduo/cmake-build-debug-remotedbg/CMakeFiles/CMakeTmp/CheckSymbolExists.c:
/* */
#include <pthread.h>

int main(int argc, char** argv)
{
  (void)argv;
#ifndef pthread_create
  return ((int*)(&pthread_create))[argc];
#else
  (void)argc;
  return 0;
#endif
}

Determining if the function pthread_create exists in the pthreads failed with the following output:
Change Dir: /opt/qiwang30/muduo/muduo/cmake-build-debug-remotedbg/CMakeFiles/CMakeTmp

Run Build Command(s):/usr/bin/gmake cmTC_a10da/fast 
/usr/bin/gmake -f CMakeFiles/cmTC_a10da.dir/build.make CMakeFiles/cmTC_a10da.dir/build
gmake[1]: Entering directory `/opt/qiwang30/muduo/muduo/cmake-build-debug-remotedbg/CMakeFiles/CMakeTmp'
Building C object CMakeFiles/cmTC_a10da.dir/CheckFunctionExists.c.o
/usr/bin/cc   -DCHECK_FUNCTION_EXISTS=pthread_create   -o CMakeFiles/cmTC_a10da.dir/CheckFunctionExists.c.o   -c /usr/local/share/cmake-3.14/Modules/CheckFunctionExists.c
Linking C executable cmTC_a10da
/usr/local/bin/cmake -E cmake_link_script CMakeFiles/cmTC_a10da.dir/link.txt --verbose=1
/usr/bin/cc  -DCHECK_FUNCTION_EXISTS=pthread_create    -rdynamic CMakeFiles/cmTC_a10da.dir/CheckFunctionExists.c.o  -o cmTC_a10da -lpthreads 
/usr/bin/ld: cannot find -lpthreads
collect2: error: ld returned 1 exit status
gmake[1]: *** [cmTC_a10da] Error 1
gmake[1]: Leaving directory `/opt/qiwang30/muduo/muduo/cmake-build-debug-remotedbg/CMakeFiles/CMakeTmp'
gmake: *** [cmTC_a10da/fast] Error 2


