Determining if the pthread_create exist failed with the following output:
Change Dir: /tmp/muduo/cmake-build-debug/CMakeFiles/CMakeTmp

Run Build Command:/usr/bin/gmake "cmTryCompileExec361844488/fast"
/usr/bin/gmake -f CMakeFiles/cmTryCompileExec361844488.dir/build.make CMakeFiles/cmTryCompileExec361844488.dir/build
gmake[1]: Entering directory `/tmp/muduo/cmake-build-debug/CMakeFiles/CMakeTmp'
/usr/bin/cmake -E cmake_progress_report /tmp/muduo/cmake-build-debug/CMakeFiles/CMakeTmp/CMakeFiles 1
Building C object CMakeFiles/cmTryCompileExec361844488.dir/CheckSymbolExists.c.o
/usr/bin/cc    -o CMakeFiles/cmTryCompileExec361844488.dir/CheckSymbolExists.c.o   -c /tmp/muduo/cmake-build-debug/CMakeFiles/CMakeTmp/CheckSymbolExists.c
Linking C executable cmTryCompileExec361844488
/usr/bin/cmake -E cmake_link_script CMakeFiles/cmTryCompileExec361844488.dir/link.txt --verbose=1
/usr/bin/cc       CMakeFiles/cmTryCompileExec361844488.dir/CheckSymbolExists.c.o  -o cmTryCompileExec361844488 -rdynamic 
CMakeFiles/cmTryCompileExec361844488.dir/CheckSymbolExists.c.o: In function `main':
CheckSymbolExists.c:(.text+0xc): undefined reference to `pthread_create'
collect2: ld returned 1 exit status
gmake[1]: *** [cmTryCompileExec361844488] Error 1
gmake[1]: Leaving directory `/tmp/muduo/cmake-build-debug/CMakeFiles/CMakeTmp'
gmake: *** [cmTryCompileExec361844488/fast] Error 2

File /tmp/muduo/cmake-build-debug/CMakeFiles/CMakeTmp/CheckSymbolExists.c:
/* */
#include <pthread.h>

int main(int argc, char** argv)
{
  (void)argv;
#ifndef pthread_create
  return ((int*)(&pthread_create))[argc];
#else
  (void)argc;
  return 0;
#endif
}

Determining if the function pthread_create exists in the pthreads failed with the following output:
Change Dir: /tmp/muduo/cmake-build-debug/CMakeFiles/CMakeTmp

Run Build Command:/usr/bin/gmake "cmTryCompileExec3086013781/fast"
/usr/bin/gmake -f CMakeFiles/cmTryCompileExec3086013781.dir/build.make CMakeFiles/cmTryCompileExec3086013781.dir/build
gmake[1]: Entering directory `/tmp/muduo/cmake-build-debug/CMakeFiles/CMakeTmp'
/usr/bin/cmake -E cmake_progress_report /tmp/muduo/cmake-build-debug/CMakeFiles/CMakeTmp/CMakeFiles 1
Building C object CMakeFiles/cmTryCompileExec3086013781.dir/CheckFunctionExists.c.o
/usr/bin/cc   -DCHECK_FUNCTION_EXISTS=pthread_create   -o CMakeFiles/cmTryCompileExec3086013781.dir/CheckFunctionExists.c.o   -c /usr/share/cmake/Modules/CheckFunctionExists.c
Linking C executable cmTryCompileExec3086013781
/usr/bin/cmake -E cmake_link_script CMakeFiles/cmTryCompileExec3086013781.dir/link.txt --verbose=1
/usr/bin/cc   -DCHECK_FUNCTION_EXISTS=pthread_create    CMakeFiles/cmTryCompileExec3086013781.dir/CheckFunctionExists.c.o  -o cmTryCompileExec3086013781 -rdynamic -lpthreads 
/usr/bin/ld: cannot find -lpthreads
collect2: ld returned 1 exit status
gmake[1]: *** [cmTryCompileExec3086013781] Error 1
gmake[1]: Leaving directory `/tmp/muduo/cmake-build-debug/CMakeFiles/CMakeTmp'
gmake: *** [cmTryCompileExec3086013781/fast] Error 2


