  Checking Build System
  CMake does not need to re-run because F:/muduo/muduo/build/CMakeFiles/generate.stamp is up-to-date.
  CMake does not need to re-run because F:/muduo/muduo/build/muduo/base/CMakeFiles/generate.stamp is up-to-date.
  CMake does not need to re-run because F:/muduo/muduo/build/muduo/base/tests/CMakeFiles/generate.stamp is up-to-date.
  CMake does not need to re-run because F:/muduo/muduo/build/muduo/net/CMakeFiles/generate.stamp is up-to-date.
  CMake does not need to re-run because F:/muduo/muduo/build/muduo/net/http/CMakeFiles/generate.stamp is up-to-date.
  CMake does not need to re-run because F:/muduo/muduo/build/muduo/net/inspect/CMakeFiles/generate.stamp is up-to-date.
  CMake does not need to re-run because F:/muduo/muduo/build/muduo/net/tests/CMakeFiles/generate.stamp is up-to-date.
  CMake does not need to re-run because F:/muduo/muduo/build/muduo/net/protobuf/CMakeFiles/generate.stamp is up-to-date.
  CMake does not need to re-run because F:/muduo/muduo/build/muduo/net/protorpc/CMakeFiles/generate.stamp is up-to-date.
  CMake does not need to re-run because F:/muduo/muduo/build/contrib/CMakeFiles/generate.stamp is up-to-date.
  CMake does not need to re-run because F:/muduo/muduo/build/contrib/hiredis/CMakeFiles/generate.stamp is up-to-date.
  CMake does not need to re-run because F:/muduo/muduo/build/contrib/thrift/CMakeFiles/generate.stamp is up-to-date.
  CMake does not need to re-run because F:/muduo/muduo/build/examples/CMakeFiles/generate.stamp is up-to-date.
  CMake does not need to re-run because F:/muduo/muduo/build/examples/ace/ttcp/CMakeFiles/generate.stamp is up-to-date.
  CMake does not need to re-run because F:/muduo/muduo/build/examples/asio/chat/CMakeFiles/generate.stamp is up-to-date.
  CMake does not need to re-run because F:/muduo/muduo/build/examples/asio/tutorial/CMakeFiles/generate.stamp is up-to-date.
  CMake does not need to re-run because F:/muduo/muduo/build/examples/fastcgi/CMakeFiles/generate.stamp is up-to-date.
  CMake does not need to re-run because F:/muduo/muduo/build/examples/filetransfer/CMakeFiles/generate.stamp is up-to-date.
  CMake does not need to re-run because F:/muduo/muduo/build/examples/hub/CMakeFiles/generate.stamp is up-to-date.
  CMake does not need to re-run because F:/muduo/muduo/build/examples/idleconnection/CMakeFiles/generate.stamp is up-to-date.
  CMake does not need to re-run because F:/muduo/muduo/build/examples/maxconnection/CMakeFiles/generate.stamp is up-to-date.
  CMake does not need to re-run because F:/muduo/muduo/build/examples/memcached/client/CMakeFiles/generate.stamp is up-to-date.
  CMake does not need to re-run because F:/muduo/muduo/build/examples/memcached/server/CMakeFiles/generate.stamp is up-to-date.
  CMake does not need to re-run because F:/muduo/muduo/build/examples/multiplexer/CMakeFiles/generate.stamp is up-to-date.
  CMake does not need to re-run because F:/muduo/muduo/build/examples/netty/discard/CMakeFiles/generate.stamp is up-to-date.
  CMake does not need to re-run because F:/muduo/muduo/build/examples/netty/echo/CMakeFiles/generate.stamp is up-to-date.
  CMake does not need to re-run because F:/muduo/muduo/build/examples/netty/uptime/CMakeFiles/generate.stamp is up-to-date.
  CMake does not need to re-run because F:/muduo/muduo/build/examples/pingpong/CMakeFiles/generate.stamp is up-to-date.
  CMake does not need to re-run because F:/muduo/muduo/build/examples/roundtrip/CMakeFiles/generate.stamp is up-to-date.
  CMake does not need to re-run because F:/muduo/muduo/build/examples/shorturl/CMakeFiles/generate.stamp is up-to-date.
  CMake does not need to re-run because F:/muduo/muduo/build/examples/simple/CMakeFiles/generate.stamp is up-to-date.
  CMake does not need to re-run because F:/muduo/muduo/build/examples/socks4a/CMakeFiles/generate.stamp is up-to-date.
  CMake does not need to re-run because F:/muduo/muduo/build/examples/sudoku/CMakeFiles/generate.stamp is up-to-date.
  CMake does not need to re-run because F:/muduo/muduo/build/examples/twisted/finger/CMakeFiles/generate.stamp is up-to-date.
  CMake does not need to re-run because F:/muduo/muduo/build/examples/wordcount/CMakeFiles/generate.stamp is up-to-date.
  CMake does not need to re-run because F:/muduo/muduo/build/examples/zeromq/CMakeFiles/generate.stamp is up-to-date.
  CMake does not need to re-run because F:/muduo/muduo/build/examples/cdns/CMakeFiles/generate.stamp is up-to-date.
  CMake does not need to re-run because F:/muduo/muduo/build/examples/curl/CMakeFiles/generate.stamp is up-to-date.
  CMake does not need to re-run because F:/muduo/muduo/build/examples/ace/logging/CMakeFiles/generate.stamp is up-to-date.
  CMake does not need to re-run because F:/muduo/muduo/build/examples/protobuf/CMakeFiles/generate.stamp is up-to-date.
  CMake does not need to re-run because F:/muduo/muduo/build/examples/protobuf/codec/CMakeFiles/generate.stamp is up-to-date.
  CMake does not need to re-run because F:/muduo/muduo/build/examples/protobuf/rpc/CMakeFiles/generate.stamp is up-to-date.
  CMake does not need to re-run because F:/muduo/muduo/build/examples/protobuf/rpcbalancer/CMakeFiles/generate.stamp is up-to-date.
  CMake does not need to re-run because F:/muduo/muduo/build/examples/protobuf/rpcbench/CMakeFiles/generate.stamp is up-to-date.
  CMake does not need to re-run because F:/muduo/muduo/build/examples/protobuf/resolver/CMakeFiles/generate.stamp is up-to-date.
  CMake does not need to re-run because F:/muduo/muduo/build/examples/procmon/CMakeFiles/generate.stamp is up-to-date.
